<?xml version="1.0" encoding="UTF-8"?>
<!-- Generated by org.testng.reporters.JUnitXMLReporter -->
<testsuite hostname="anuroopa-w10" ignored="0" name="Surefire test" tests="6" failures="0" timestamp="2020-08-06T20:53:36 IST" time="0.081" errors="0">
  <testcase name="IsoAPP" time="0.006" classname="qaclickacademy.mavenjava.AppiumTest"/>
  <testcase name="NativeAPPAndroid" time="0.0" classname="qaclickacademy.mavenjava.AppiumTest"/>
  <testcase name="DeleteTwitter" time="0.001" classname="qaclickacademy.mavenjava.RESTAPITest"/>
  <testcase name="PostJira" time="0.001" classname="qaclickacademy.mavenjava.RESTAPITest"/>
  <testcase name="BrowserAutomation" time="0.0" classname="qaclickacademy.mavenjava.SeleniumTest"/>
  <testcase name="ElementsUI" time="0.001" classname="qaclickacademy.mavenjava.SeleniumTest"/>
</testsuite> <!-- Surefire test -->
