<?xml version="1.0" encoding="UTF-8"?>
<testng-results skipped="0" failed="0" ignored="0" total="6" passed="6">
  <reporter-output>
  </reporter-output>
  <suite name="Surefire suite" duration-ms="81" started-at="2020-08-06T20:53:35 IST" finished-at="2020-08-06T20:53:35 IST">
    <groups>
    </groups>
    <test name="Surefire test" duration-ms="81" started-at="2020-08-06T20:53:35 IST" finished-at="2020-08-06T20:53:35 IST">
      <class name="qaclickacademy.mavenjava.RESTAPITest">
        <test-method status="PASS" signature="DeleteTwitter()[pri:0, instance:qaclickacademy.mavenjava.RESTAPITest@5a8e6209]" name="DeleteTwitter" duration-ms="1" started-at="2020-08-06T20:53:35 IST" finished-at="2020-08-06T20:53:35 IST">
          <reporter-output>
          </reporter-output>
        </test-method> <!-- DeleteTwitter -->
        <test-method status="PASS" signature="PostJira()[pri:0, instance:qaclickacademy.mavenjava.RESTAPITest@5a8e6209]" name="PostJira" duration-ms="1" started-at="2020-08-06T20:53:35 IST" finished-at="2020-08-06T20:53:35 IST">
          <reporter-output>
          </reporter-output>
        </test-method> <!-- PostJira -->
      </class> <!-- qaclickacademy.mavenjava.RESTAPITest -->
      <class name="qaclickacademy.mavenjava.SeleniumTest">
        <test-method status="PASS" signature="BrowserAutomation()[pri:0, instance:qaclickacademy.mavenjava.SeleniumTest@4b4523f8]" name="BrowserAutomation" duration-ms="0" started-at="2020-08-06T20:53:35 IST" finished-at="2020-08-06T20:53:35 IST">
          <reporter-output>
          </reporter-output>
        </test-method> <!-- BrowserAutomation -->
        <test-method status="PASS" signature="ElementsUI()[pri:0, instance:qaclickacademy.mavenjava.SeleniumTest@4b4523f8]" name="ElementsUI" duration-ms="1" started-at="2020-08-06T20:53:35 IST" finished-at="2020-08-06T20:53:35 IST">
          <reporter-output>
          </reporter-output>
        </test-method> <!-- ElementsUI -->
      </class> <!-- qaclickacademy.mavenjava.SeleniumTest -->
      <class name="qaclickacademy.mavenjava.AppiumTest">
        <test-method status="PASS" signature="IsoAPP()[pri:0, instance:qaclickacademy.mavenjava.AppiumTest@3b0143d3]" name="IsoAPP" duration-ms="6" started-at="2020-08-06T20:53:35 IST" finished-at="2020-08-06T20:53:35 IST">
          <reporter-output>
          </reporter-output>
        </test-method> <!-- IsoAPP -->
        <test-method status="PASS" signature="NativeAPPAndroid()[pri:0, instance:qaclickacademy.mavenjava.AppiumTest@3b0143d3]" name="NativeAPPAndroid" duration-ms="0" started-at="2020-08-06T20:53:35 IST" finished-at="2020-08-06T20:53:35 IST">
          <reporter-output>
          </reporter-output>
        </test-method> <!-- NativeAPPAndroid -->
      </class> <!-- qaclickacademy.mavenjava.AppiumTest -->
    </test> <!-- Surefire test -->
  </suite> <!-- Surefire suite -->
</testng-results>
